<?xml version="1.0" encoding="UTF-8"?>
<!-- Generated by org.testng.reporters.JUnitReportReporter -->
<testsuite hostname="DESKTOP-DCL6FDU" failures="0" tests="1" name="test.regression.MakeReservationFromPopularLocations" time="19.101" errors="0" timestamp="31 Dec 2018 12:30:27 GMT">
  <testcase classname="test.regression.MakeReservationFromPopularLocations" name="testMakeReservationFromPopularLocations" time="19.101"/>
</testsuite>
