<?xml version="1.0" encoding="UTF-8"?>
<!-- Generated by org.testng.reporters.JUnitReportReporter -->
<testsuite hostname="DESKTOP-DCL6FDU" failures="0" tests="1" name="test.smoke.SmokeTest" time="23.752" errors="0" timestamp="30 Dec 2018 19:10:45 GMT">
  <testcase classname="test.smoke.SmokeTest" name="testMakeFreeReservation" time="23.752"/>
</testsuite>
