<?xml version="1.0" encoding="UTF-8"?>
<!-- Generated by org.testng.reporters.JUnitReportReporter -->
<testsuite hostname="DESKTOP-DCL6FDU" failures="0" tests="1" name="admin.AddLocation" time="21.871" errors="0" timestamp="5 Jan 2019 17:19:20 GMT">
  <testcase classname="admin.AddLocation" name="testAddRestaurant" time="21.871"/>
</testsuite>
