<?xml version="1.0" encoding="UTF-8"?>
<!-- Generated by org.testng.reporters.JUnitReportReporter -->
<testsuite hostname="DESKTOP-DCL6FDU" failures="0" tests="1" name="test.regression.NonExistentRestaurant" time="13.702" errors="0" timestamp="31 Dec 2018 12:32:09 GMT">
  <testcase classname="test.regression.NonExistentRestaurant" name="testNonExistentRestaurant" time="13.702"/>
</testsuite>
