<?xml version="1.0" encoding="UTF-8"?>
<!-- Generated by org.testng.reporters.JUnitReportReporter -->
<testsuite hostname="DESKTOP-DCL6FDU" failures="0" tests="1" name="test.regression.BookFromSectionRestaurants" time="41.040" errors="0" timestamp="31 Dec 2018 12:55:01 GMT">
  <testcase classname="test.regression.BookFromSectionRestaurants" name="testBookFromSectionRestaurants" time="41.040"/>
</testsuite>
