<?xml version="1.0" encoding="UTF-8"?>
<!-- Generated by org.testng.reporters.JUnitReportReporter -->
<testsuite hostname="DESKTOP-DCL6FDU" failures="0" tests="1" name="admin.AddCategory" time="33.176" errors="0" timestamp="5 Jan 2019 17:17:25 GMT">
  <testcase classname="admin.AddCategory" name="testAddRestaurant" time="33.176"/>
</testsuite>
