<?xml version="1.0" encoding="UTF-8"?>
<!-- Generated by org.testng.reporters.JUnitReportReporter -->
<testsuite hostname="DESKTOP-DCL6FDU" failures="0" tests="1" name="admin.AddRestaurantNoInputData" time="18.731" errors="0" timestamp="5 Jan 2019 18:00:56 GMT">
  <testcase classname="admin.AddRestaurantNoInputData" name="testAddRestaurant" time="18.731"/>
</testsuite>
