<?xml version="1.0" encoding="UTF-8"?>
<!-- Generated by org.testng.reporters.JUnitReportReporter -->
<testsuite hostname="DESKTOP-DCL6FDU" failures="0" tests="1" name="test.regression.MakeReservationFromPopularLocations" time="25.828" errors="0" timestamp="31 Dec 2018 13:25:01 GMT">
  <testcase classname="test.regression.MakeReservationFromPopularLocations" name="testMakeReservationFromPopularLocations" time="25.828"/>
</testsuite>
