<?xml version="1.0" encoding="UTF-8"?>
<!-- Generated by org.testng.reporters.JUnitReportReporter -->
<testsuite hostname="DESKTOP-DCL6FDU" failures="0" tests="1" name="test.smoke.SmokeTest" time="28.370" errors="0" timestamp="7 Jan 2019 12:41:24 GMT">
  <testcase classname="test.smoke.SmokeTest" name="testMakeFreeReservation" time="28.370"/>
</testsuite>
