<?xml version="1.0" encoding="UTF-8"?>
<!-- Generated by org.testng.reporters.JUnitReportReporter -->
<testsuite hostname="DESKTOP-DCL6FDU" failures="0" tests="1" name="admin.AddRestaurant" time="35.853" errors="0" timestamp="7 Jan 2019 12:47:32 GMT">
  <testcase classname="admin.AddRestaurant" name="testAddRestaurant" time="35.853"/>
</testsuite>
