<?xml version="1.0" encoding="UTF-8"?>
<!-- Generated by org.testng.reporters.JUnitReportReporter -->
<testsuite hostname="DESKTOP-DCL6FDU" failures="0" tests="1" name="test.regression.MakeReservationInvalidData" time="18.699" errors="0" timestamp="31 Dec 2018 12:46:45 GMT">
  <testcase classname="test.regression.MakeReservationInvalidData" name="testMakeReservationInvalidData" time="18.699"/>
</testsuite>
